{"$message_type":"diagnostic","message":"linking with `cc` failed: exit status: 1","code":null,"level":"error","spans":[],"children":[{"message":" \"cc\" \"/var/folders/js/q4sv46js5c31kgrt_36ckyph0000gn/T/rustcfYHBtv/symbols.o\" \"<1 object files omitted>\" \"<sysroot>/lib/rustlib/aarch64-apple-darwin/lib/{libcore-*,libcompiler_builtins-*}.rlib\" \"-arch\" \"arm64\" \"-mmacosx-version-min=11.0.0\" \"-o\" \"/Users/sourav/sourav-repo/OxidOS/oxid-os/target/debug/deps/oxid_os-2e28d72b64297c16\" \"-Wl,-dead_strip\" \"-nodefaultlibs\"","code":null,"level":"note","spans":[],"children":[],"rendered":null},{"message":"some arguments are omitted. use `--verbose` to show all linker arguments","code":null,"level":"note","spans":[],"children":[],"rendered":null},{"message":"Undefined symbols for architecture arm64:\n  \"_main\", referenced from:\n      <initial-undefines>\n  \"dyld_stub_binder\", referenced from:\n      <initial-undefines>\nld: symbol(s) not found for architecture arm64\nclang: error: linker command failed with exit code 1 (use -v to see invocation)\n","code":null,"level":"note","spans":[],"children":[],"rendered":null}],"rendered":"\u001b[1m\u001b[91merror\u001b[0m\u001b[1m: linking with `cc` failed: exit status: 1\u001b[0m\n  \u001b[1m\u001b[94m|\u001b[0m\n  \u001b[1m\u001b[94m= \u001b[0m\u001b[1mnote\u001b[0m:  \"cc\" \"/var/folders/js/q4sv46js5c31kgrt_36ckyph0000gn/T/rustcfYHBtv/symbols.o\" \"<1 object files omitted>\" \"<sysroot>/lib/rustlib/aarch64-apple-darwin/lib/{libcore-*,libcompiler_builtins-*}.rlib\" \"-arch\" \"arm64\" \"-mmacosx-version-min=11.0.0\" \"-o\" \"/Users/sourav/sourav-repo/OxidOS/oxid-os/target/debug/deps/oxid_os-2e28d72b64297c16\" \"-Wl,-dead_strip\" \"-nodefaultlibs\"\n  \u001b[1m\u001b[94m= \u001b[0m\u001b[1mnote\u001b[0m: some arguments are omitted. use `--verbose` to show all linker arguments\n  \u001b[1m\u001b[94m= \u001b[0m\u001b[1mnote\u001b[0m: Undefined symbols for architecture arm64:\n            \"_main\", referenced from:\n                <initial-undefines>\n            \"dyld_stub_binder\", referenced from:\n                <initial-undefines>\n          ld: symbol(s) not found for architecture arm64\n          clang: error: linker command failed with exit code 1 (use -v to see invocation)\n          \n\n"}
{"$message_type":"diagnostic","message":"aborting due to 1 previous error","code":null,"level":"error","spans":[],"children":[],"rendered":"\u001b[1m\u001b[91merror\u001b[0m\u001b[1m: aborting due to 1 previous error\u001b[0m\n\n"}
